<?xml version="1.0" encoding="utf-8" standalone="no"?>
<test-run id="2" testcasecount="20" result="Passed" total="20" passed="20" failed="0" inconclusive="0" skipped="0" asserts="38" engine-version="3.9.0.0" clr-version="4.0.30319.42000" start-time="2018-10-03 16:46:11Z" end-time="2018-10-03 16:46:27Z" duration="16.181756">
  <command-line><![CDATA[..\..\..\packages\NUnit.ConsoleRunner.3.9.0\tools\nunit3-console.exe  ProjectManager.Test.dll]]></command-line>
  <test-suite type="Assembly" id="0-1026" name="ProjectManager.Test.dll" fullname="C:\Ajith\ProjectManager.Test\bin\Debug\ProjectManager.Test.dll" runstate="Runnable" testcasecount="20" result="Passed" start-time="2018-10-03 16:46:20Z" end-time="2018-10-03 16:46:27Z" duration="6.375115" total="20" passed="20" failed="0" warnings="0" inconclusive="0" skipped="0" asserts="38">
    <environment framework-version="3.10.1.0" clr-version="4.0.30319.42000" os-version="Microsoft Windows NT 10.0.17134.0" platform="Win32NT" cwd="C:\Ajith\ProjectManager.Test\bin\Debug" machine-name="DOTNET" user="Admin" user-domain="DOTNET" culture="en-IN" uiculture="en-US" os-architecture="x64" />
    <settings>
      <setting name="DisposeRunners" value="True" />
      <setting name="WorkDirectory" value="C:\Ajith\ProjectManager.Test\bin\Debug" />
      <setting name="ImageRuntimeVersion" value="4.0.30319" />
      <setting name="ImageTargetFrameworkName" value=".NETFramework,Version=v4.5.2" />
      <setting name="ImageRequiresX86" value="False" />
      <setting name="ImageRequiresDefaultAppDomainAssemblyResolver" value="False" />
      <setting name="NumberOfTestWorkers" value="3" />
    </settings>
    <properties>
      <property name="_PID" value="15628" />
      <property name="_APPDOMAIN" value="domain-" />
    </properties>
    <test-suite type="TestSuite" id="0-1027" name="ProjectManager" fullname="ProjectManager" runstate="Runnable" testcasecount="20" result="Passed" start-time="2018-10-03 16:46:20Z" end-time="2018-10-03 16:46:27Z" duration="6.328849" total="20" passed="20" failed="0" warnings="0" inconclusive="0" skipped="0" asserts="38">
      <test-suite type="TestSuite" id="0-1028" name="Test" fullname="ProjectManager.Test" runstate="Runnable" testcasecount="20" result="Passed" start-time="2018-10-03 16:46:20Z" end-time="2018-10-03 16:46:27Z" duration="6.327237" total="20" passed="20" failed="0" warnings="0" inconclusive="0" skipped="0" asserts="38">
        <test-suite type="TestFixture" id="0-1000" name="ProjectServiceControllerTest" fullname="ProjectManager.Test.ProjectServiceControllerTest" classname="ProjectManager.Test.ProjectServiceControllerTest" runstate="Runnable" testcasecount="3" result="Passed" start-time="2018-10-03 16:46:20Z" end-time="2018-10-03 16:46:22Z" duration="1.627508" total="3" passed="3" failed="0" warnings="0" inconclusive="0" skipped="0" asserts="4">
          <test-case id="0-1002" name="addUsersTest" fullname="ProjectManager.Test.ProjectServiceControllerTest.addUsersTest" methodname="addUsersTest" classname="ProjectManager.Test.ProjectServiceControllerTest" runstate="Runnable" seed="1568078026" result="Passed" start-time="2018-10-03 16:46:20Z" end-time="2018-10-03 16:46:21Z" duration="0.275118" asserts="1" />
          <test-case id="0-1003" name="deleteUsersTest" fullname="ProjectManager.Test.ProjectServiceControllerTest.deleteUsersTest" methodname="deleteUsersTest" classname="ProjectManager.Test.ProjectServiceControllerTest" runstate="Runnable" seed="1686704144" result="Passed" start-time="2018-10-03 16:46:21Z" end-time="2018-10-03 16:46:21Z" duration="0.002362" asserts="1" />
          <test-case id="0-1001" name="getProjectTest" fullname="ProjectManager.Test.ProjectServiceControllerTest.getProjectTest" methodname="getProjectTest" classname="ProjectManager.Test.ProjectServiceControllerTest" runstate="Runnable" seed="344634918" result="Passed" start-time="2018-10-03 16:46:21Z" end-time="2018-10-03 16:46:22Z" duration="1.311202" asserts="2" />
        </test-suite>
        <test-suite type="TestSuite" id="0-1029" name="Service" fullname="ProjectManager.Test.Service" runstate="Runnable" testcasecount="10" result="Passed" start-time="2018-10-03 16:46:20Z" end-time="2018-10-03 16:46:27Z" duration="6.292114" total="10" passed="10" failed="0" warnings="0" inconclusive="0" skipped="0" asserts="25">
          <test-suite type="TestFixture" id="0-1013" name="ProjectBusinessTest" fullname="ProjectManager.Test.Service.ProjectBusinessTest" classname="ProjectManager.Test.Service.ProjectBusinessTest" runstate="Runnable" testcasecount="3" result="Passed" start-time="2018-10-03 16:46:22Z" end-time="2018-10-03 16:46:23Z" duration="1.264324" total="3" passed="3" failed="0" warnings="0" inconclusive="0" skipped="0" asserts="4">
            <test-case id="0-1015" name="AddProjectTestBL" fullname="ProjectManager.Test.Service.ProjectBusinessTest.AddProjectTestBL" methodname="AddProjectTestBL" classname="ProjectManager.Test.Service.ProjectBusinessTest" runstate="Runnable" seed="879634759" result="Passed" start-time="2018-10-03 16:46:22Z" end-time="2018-10-03 16:46:23Z" duration="1.165776" asserts="2" />
            <test-case id="0-1016" name="DeleteProjectTestBL" fullname="ProjectManager.Test.Service.ProjectBusinessTest.DeleteProjectTestBL" methodname="DeleteProjectTestBL" classname="ProjectManager.Test.Service.ProjectBusinessTest" runstate="Runnable" seed="1482568137" result="Passed" start-time="2018-10-03 16:46:23Z" end-time="2018-10-03 16:46:23Z" duration="0.008174" asserts="1" />
            <test-case id="0-1014" name="GetProjectTestBL" fullname="ProjectManager.Test.Service.ProjectBusinessTest.GetProjectTestBL" methodname="GetProjectTestBL" classname="ProjectManager.Test.Service.ProjectBusinessTest" runstate="Runnable" seed="345416165" result="Passed" start-time="2018-10-03 16:46:23Z" end-time="2018-10-03 16:46:23Z" duration="0.086461" asserts="1" />
          </test-suite>
          <test-suite type="TestFixture" id="0-1017" name="TaskBusinessTest" fullname="ProjectManager.Test.Service.TaskBusinessTest" classname="ProjectManager.Test.Service.TaskBusinessTest" runstate="Runnable" testcasecount="4" result="Passed" start-time="2018-10-03 16:46:23Z" end-time="2018-10-03 16:46:24Z" duration="0.231119" total="4" passed="4" failed="0" warnings="0" inconclusive="0" skipped="0" asserts="8">
            <test-case id="0-1020" name="AddProjectTestBL" fullname="ProjectManager.Test.Service.TaskBusinessTest.AddProjectTestBL" methodname="AddProjectTestBL" classname="ProjectManager.Test.Service.TaskBusinessTest" runstate="Runnable" seed="874969956" result="Passed" start-time="2018-10-03 16:46:23Z" end-time="2018-10-03 16:46:24Z" duration="0.167356" asserts="3" />
            <test-case id="0-1021" name="DeleteTaskTestBL" fullname="ProjectManager.Test.Service.TaskBusinessTest.DeleteTaskTestBL" methodname="DeleteTaskTestBL" classname="ProjectManager.Test.Service.TaskBusinessTest" runstate="Runnable" seed="1573221021" result="Passed" start-time="2018-10-03 16:46:24Z" end-time="2018-10-03 16:46:24Z" duration="0.008811" asserts="1" />
            <test-case id="0-1019" name="GetParentTaskTestBL" fullname="ProjectManager.Test.Service.TaskBusinessTest.GetParentTaskTestBL" methodname="GetParentTaskTestBL" classname="ProjectManager.Test.Service.TaskBusinessTest" runstate="Runnable" seed="122914412" result="Passed" start-time="2018-10-03 16:46:24Z" end-time="2018-10-03 16:46:24Z" duration="0.011907" asserts="3" />
            <test-case id="0-1018" name="GetTaskTestBL" fullname="ProjectManager.Test.Service.TaskBusinessTest.GetTaskTestBL" methodname="GetTaskTestBL" classname="ProjectManager.Test.Service.TaskBusinessTest" runstate="Runnable" seed="1616004472" result="Passed" start-time="2018-10-03 16:46:24Z" end-time="2018-10-03 16:46:24Z" duration="0.038063" asserts="1" />
          </test-suite>
          <test-suite type="TestFixture" id="0-1022" name="UserBusinessTet" fullname="ProjectManager.Test.Service.UserBusinessTet" classname="ProjectManager.Test.Service.UserBusinessTet" runstate="Runnable" testcasecount="3" result="Passed" start-time="2018-10-03 16:46:24Z" end-time="2018-10-03 16:46:27Z" duration="3.153431" total="3" passed="3" failed="0" warnings="0" inconclusive="0" skipped="0" asserts="13">
            <test-case id="0-1024" name="AddUserTestBL" fullname="ProjectManager.Test.Service.UserBusinessTet.AddUserTestBL" methodname="AddUserTestBL" classname="ProjectManager.Test.Service.UserBusinessTet" runstate="Runnable" seed="1373550870" result="Passed" start-time="2018-10-03 16:46:24Z" end-time="2018-10-03 16:46:24Z" duration="0.015415" asserts="2" />
            <test-case id="0-1025" name="DeleteUserTestBL" fullname="ProjectManager.Test.Service.UserBusinessTet.DeleteUserTestBL" methodname="DeleteUserTestBL" classname="ProjectManager.Test.Service.UserBusinessTet" runstate="Runnable" seed="747638662" result="Passed" start-time="2018-10-03 16:46:24Z" end-time="2018-10-03 16:46:27Z" duration="3.100195" asserts="2" />
            <test-case id="0-1023" name="GetUserTestBL" fullname="ProjectManager.Test.Service.UserBusinessTet.GetUserTestBL" methodname="GetUserTestBL" classname="ProjectManager.Test.Service.UserBusinessTet" runstate="Runnable" seed="1930098788" result="Passed" start-time="2018-10-03 16:46:27Z" end-time="2018-10-03 16:46:27Z" duration="0.029278" asserts="9" />
          </test-suite>
        </test-suite>
        <test-suite type="TestFixture" id="0-1004" name="TaskServiceControllerTest" fullname="ProjectManager.Test.TaskServiceControllerTest" classname="ProjectManager.Test.TaskServiceControllerTest" runstate="Runnable" testcasecount="4" result="Passed" start-time="2018-10-03 16:46:27Z" end-time="2018-10-03 16:46:27Z" duration="0.024516" total="4" passed="4" failed="0" warnings="0" inconclusive="0" skipped="0" asserts="5">
          <test-case id="0-1006" name="addTaskTest" fullname="ProjectManager.Test.TaskServiceControllerTest.addTaskTest" methodname="addTaskTest" classname="ProjectManager.Test.TaskServiceControllerTest" runstate="Runnable" seed="522325754" result="Passed" start-time="2018-10-03 16:46:27Z" end-time="2018-10-03 16:46:27Z" duration="0.003145" asserts="1" />
          <test-case id="0-1007" name="deleteTaskTest" fullname="ProjectManager.Test.TaskServiceControllerTest.deleteTaskTest" methodname="deleteTaskTest" classname="ProjectManager.Test.TaskServiceControllerTest" runstate="Runnable" seed="2074975790" result="Passed" start-time="2018-10-03 16:46:27Z" end-time="2018-10-03 16:46:27Z" duration="0.001980" asserts="1" />
          <test-case id="0-1008" name="GetParentTasksTest" fullname="ProjectManager.Test.TaskServiceControllerTest.GetParentTasksTest" methodname="GetParentTasksTest" classname="ProjectManager.Test.TaskServiceControllerTest" runstate="Runnable" seed="418034295" result="Passed" start-time="2018-10-03 16:46:27Z" end-time="2018-10-03 16:46:27Z" duration="0.002159" asserts="1" />
          <test-case id="0-1005" name="getTaskTest" fullname="ProjectManager.Test.TaskServiceControllerTest.getTaskTest" methodname="getTaskTest" classname="ProjectManager.Test.TaskServiceControllerTest" runstate="Runnable" seed="640617790" result="Passed" start-time="2018-10-03 16:46:27Z" end-time="2018-10-03 16:46:27Z" duration="0.016362" asserts="2" />
        </test-suite>
        <test-suite type="TestFixture" id="0-1009" name="UnitTest1" fullname="ProjectManager.Test.UnitTest1" classname="ProjectManager.Test.UnitTest1" runstate="Runnable" testcasecount="3" result="Passed" start-time="2018-10-03 16:46:27Z" end-time="2018-10-03 16:46:27Z" duration="0.009651" total="3" passed="3" failed="0" warnings="0" inconclusive="0" skipped="0" asserts="4">
          <test-case id="0-1011" name="addUsersTest" fullname="ProjectManager.Test.UnitTest1.addUsersTest" methodname="addUsersTest" classname="ProjectManager.Test.UnitTest1" runstate="Runnable" seed="1200816421" result="Passed" start-time="2018-10-03 16:46:27Z" end-time="2018-10-03 16:46:27Z" duration="0.003007" asserts="1" />
          <test-case id="0-1012" name="deleteUsersTest" fullname="ProjectManager.Test.UnitTest1.deleteUsersTest" methodname="deleteUsersTest" classname="ProjectManager.Test.UnitTest1" runstate="Runnable" seed="888066298" result="Passed" start-time="2018-10-03 16:46:27Z" end-time="2018-10-03 16:46:27Z" duration="0.001967" asserts="1" />
          <test-case id="0-1010" name="getUsersTest" fullname="ProjectManager.Test.UnitTest1.getUsersTest" methodname="getUsersTest" classname="ProjectManager.Test.UnitTest1" runstate="Runnable" seed="1837645286" result="Passed" start-time="2018-10-03 16:46:27Z" end-time="2018-10-03 16:46:27Z" duration="0.003795" asserts="2" />
        </test-suite>
      </test-suite>
    </test-suite>
  </test-suite>
</test-run>